<?xml version="1.0" encoding="UTF-8"?>
<!-- Generated by org.testng.reporters.JUnitReportReporter -->
<testsuite hostname="LAPTOP-SJL4OQ96" failures="0" tests="1" name="org.web.automation.testcases.TC_001_Registration_Functionality" time="13.539" errors="0" timestamp="2023-07-16T11:00:36 ICT" skipped="0">
  <testcase classname="org.web.automation.testcases.TC_001_Registration_Functionality" name="tc001" time="13.539"/>
  <system-out/>
</testsuite> <!-- org.web.automation.testcases.TC_001_Registration_Functionality -->
